1650228801.342838 client started (48939): version 3.2a, socket /tmp/tmux-1000/default, protocol 8
1650228801.342908 on Linux 5.16.0-6-amd64 #1 SMP PREEMPT Debian 5.16.18-1 (2022-03-29)
1650228801.342922 using libevent 2.1.12-stable (poll); ncurses 6.2
1650228801.342958 flags are 0x10010000
1650228801.342969 socket is /tmp/tmux-1000/default
1650228801.342993 trying connect
1650228801.343168 add peer 0x55709fcb4a20: 6 ((nil))
1650228801.343722 sending message 100 to peer 0x55709fcb4a20 (4 bytes)
1650228801.343752 sending message 111 to peer 0x55709fcb4a20 (8 bytes)
1650228801.343762 sending message 101 to peer 0x55709fcb4a20 (16 bytes)
1650228801.343771 sending message 109 to peer 0x55709fcb4a20 (4 bytes)
1650228801.343780 sending message 102 to peer 0x55709fcb4a20 (11 bytes)
1650228801.343790 sending message 108 to peer 0x55709fcb4a20 (61 bytes)
1650228801.343800 sending message 112 to peer 0x55709fcb4a20 (70 bytes)
1650228801.343809 sending message 112 to peer 0x55709fcb4a20 (5 bytes)
1650228801.343818 sending message 112 to peer 0x55709fcb4a20 (5 bytes)
1650228801.343827 sending message 112 to peer 0x55709fcb4a20 (6 bytes)
1650228801.343836 sending message 112 to peer 0x55709fcb4a20 (6 bytes)
1650228801.343845 sending message 112 to peer 0x55709fcb4a20 (11 bytes)
1650228801.343854 sending message 112 to peer 0x55709fcb4a20 (10 bytes)
1650228801.343863 sending message 112 to peer 0x55709fcb4a20 (13 bytes)
1650228801.343871 sending message 112 to peer 0x55709fcb4a20 (13 bytes)
1650228801.343880 sending message 112 to peer 0x55709fcb4a20 (18 bytes)
1650228801.343888 sending message 112 to peer 0x55709fcb4a20 (11 bytes)
1650228801.343897 sending message 112 to peer 0x55709fcb4a20 (21 bytes)
1650228801.343906 sending message 112 to peer 0x55709fcb4a20 (13 bytes)
1650228801.343915 sending message 112 to peer 0x55709fcb4a20 (7 bytes)
1650228801.343925 sending message 112 to peer 0x55709fcb4a20 (13 bytes)
1650228801.343933 sending message 112 to peer 0x55709fcb4a20 (7 bytes)
1650228801.343943 sending message 112 to peer 0x55709fcb4a20 (13 bytes)
1650228801.343953 sending message 112 to peer 0x55709fcb4a20 (9 bytes)
1650228801.343962 sending message 112 to peer 0x55709fcb4a20 (21 bytes)
1650228801.343971 sending message 112 to peer 0x55709fcb4a20 (13 bytes)
1650228801.343980 sending message 112 to peer 0x55709fcb4a20 (8 bytes)
1650228801.343989 sending message 112 to peer 0x55709fcb4a20 (12 bytes)
1650228801.343998 sending message 112 to peer 0x55709fcb4a20 (13 bytes)
1650228801.344007 sending message 112 to peer 0x55709fcb4a20 (9 bytes)
1650228801.344015 sending message 112 to peer 0x55709fcb4a20 (9 bytes)
1650228801.344024 sending message 112 to peer 0x55709fcb4a20 (12 bytes)
1650228801.344033 sending message 112 to peer 0x55709fcb4a20 (8 bytes)
1650228801.344042 sending message 112 to peer 0x55709fcb4a20 (7 bytes)
1650228801.344051 sending message 112 to peer 0x55709fcb4a20 (7 bytes)
1650228801.344060 sending message 112 to peer 0x55709fcb4a20 (9 bytes)
1650228801.344069 sending message 112 to peer 0x55709fcb4a20 (13 bytes)
1650228801.344077 sending message 112 to peer 0x55709fcb4a20 (9 bytes)
1650228801.344086 sending message 112 to peer 0x55709fcb4a20 (15 bytes)
1650228801.344094 sending message 112 to peer 0x55709fcb4a20 (13 bytes)
1650228801.344103 sending message 112 to peer 0x55709fcb4a20 (12 bytes)
1650228801.344112 sending message 112 to peer 0x55709fcb4a20 (8 bytes)
1650228801.344121 sending message 112 to peer 0x55709fcb4a20 (14 bytes)
1650228801.344130 sending message 112 to peer 0x55709fcb4a20 (9 bytes)
1650228801.344139 sending message 112 to peer 0x55709fcb4a20 (10 bytes)
1650228801.344148 sending message 112 to peer 0x55709fcb4a20 (10 bytes)
1650228801.344156 sending message 112 to peer 0x55709fcb4a20 (10 bytes)
1650228801.344165 sending message 112 to peer 0x55709fcb4a20 (10 bytes)
1650228801.344173 sending message 112 to peer 0x55709fcb4a20 (11 bytes)
1650228801.344182 sending message 112 to peer 0x55709fcb4a20 (10 bytes)
1650228801.344191 sending message 112 to peer 0x55709fcb4a20 (8 bytes)
1650228801.344200 sending message 112 to peer 0x55709fcb4a20 (11 bytes)
1650228801.344230 sending message 112 to peer 0x55709fcb4a20 (11 bytes)
1650228801.344239 sending message 112 to peer 0x55709fcb4a20 (11 bytes)
1650228801.344248 sending message 112 to peer 0x55709fcb4a20 (8 bytes)
1650228801.344257 sending message 112 to peer 0x55709fcb4a20 (8 bytes)
1650228801.344266 sending message 112 to peer 0x55709fcb4a20 (8 bytes)
1650228801.344275 sending message 112 to peer 0x55709fcb4a20 (10 bytes)
1650228801.344284 sending message 112 to peer 0x55709fcb4a20 (10 bytes)
1650228801.344293 sending message 112 to peer 0x55709fcb4a20 (10 bytes)
1650228801.344302 sending message 112 to peer 0x55709fcb4a20 (10 bytes)
1650228801.344311 sending message 112 to peer 0x55709fcb4a20 (10 bytes)
1650228801.344319 sending message 112 to peer 0x55709fcb4a20 (11 bytes)
1650228801.344328 sending message 112 to peer 0x55709fcb4a20 (11 bytes)
1650228801.344336 sending message 112 to peer 0x55709fcb4a20 (10 bytes)
1650228801.344346 sending message 112 to peer 0x55709fcb4a20 (9 bytes)
1650228801.344355 sending message 112 to peer 0x55709fcb4a20 (9 bytes)
1650228801.344363 sending message 112 to peer 0x55709fcb4a20 (12 bytes)
1650228801.344372 sending message 112 to peer 0x55709fcb4a20 (9 bytes)
1650228801.344381 sending message 112 to peer 0x55709fcb4a20 (6 bytes)
1650228801.344389 sending message 112 to peer 0x55709fcb4a20 (13 bytes)
1650228801.344399 sending message 112 to peer 0x55709fcb4a20 (8 bytes)
1650228801.344408 sending message 112 to peer 0x55709fcb4a20 (15 bytes)
1650228801.344417 sending message 112 to peer 0x55709fcb4a20 (13 bytes)
1650228801.344426 sending message 112 to peer 0x55709fcb4a20 (70 bytes)
1650228801.344435 sending message 112 to peer 0x55709fcb4a20 (69 bytes)
1650228801.344444 sending message 112 to peer 0x55709fcb4a20 (10 bytes)
1650228801.344453 sending message 112 to peer 0x55709fcb4a20 (8 bytes)
1650228801.344461 sending message 112 to peer 0x55709fcb4a20 (15 bytes)
1650228801.344470 sending message 112 to peer 0x55709fcb4a20 (13 bytes)
1650228801.344478 sending message 112 to peer 0x55709fcb4a20 (10 bytes)
1650228801.344488 sending message 112 to peer 0x55709fcb4a20 (10 bytes)
1650228801.344496 sending message 112 to peer 0x55709fcb4a20 (5 bytes)
1650228801.344506 sending message 112 to peer 0x55709fcb4a20 (15 bytes)
1650228801.344516 sending message 104 to peer 0x55709fcb4a20 (0 bytes)
1650228801.344526 sending message 110 to peer 0x55709fcb4a20 (0 bytes)
1650228801.344536 sending message 107 to peer 0x55709fcb4a20 (4 bytes)
1650228801.344545 sending message 105 to peer 0x55709fcb4a20 (28 bytes)
1650228801.344554 sending message 105 to peer 0x55709fcb4a20 (25 bytes)
1650228801.344563 sending message 105 to peer 0x55709fcb4a20 (23 bytes)
1650228801.344572 sending message 105 to peer 0x55709fcb4a20 (20 bytes)
1650228801.344581 sending message 105 to peer 0x55709fcb4a20 (54 bytes)
1650228801.344589 sending message 105 to peer 0x55709fcb4a20 (22 bytes)
1650228801.344598 sending message 105 to peer 0x55709fcb4a20 (11 bytes)
1650228801.344607 sending message 105 to peer 0x55709fcb4a20 (20 bytes)
1650228801.344616 sending message 105 to peer 0x55709fcb4a20 (72 bytes)
1650228801.344625 sending message 105 to peer 0x55709fcb4a20 (56 bytes)
1650228801.344635 sending message 105 to peer 0x55709fcb4a20 (81 bytes)
1650228801.344644 sending message 105 to peer 0x55709fcb4a20 (57 bytes)
1650228801.344653 sending message 105 to peer 0x55709fcb4a20 (1619 bytes)
1650228801.344705 sending message 105 to peer 0x55709fcb4a20 (17 bytes)
1650228801.344716 sending message 105 to peer 0x55709fcb4a20 (21 bytes)
1650228801.344726 sending message 105 to peer 0x55709fcb4a20 (44 bytes)
1650228801.344735 sending message 105 to peer 0x55709fcb4a20 (23 bytes)
1650228801.344744 sending message 105 to peer 0x55709fcb4a20 (86 bytes)
1650228801.344753 sending message 105 to peer 0x55709fcb4a20 (30 bytes)
1650228801.344761 sending message 105 to peer 0x55709fcb4a20 (14 bytes)
1650228801.344770 sending message 105 to peer 0x55709fcb4a20 (28 bytes)
1650228801.344779 sending message 105 to peer 0x55709fcb4a20 (18 bytes)
1650228801.344801 sending message 105 to peer 0x55709fcb4a20 (21 bytes)
1650228801.344811 sending message 105 to peer 0x55709fcb4a20 (24 bytes)
1650228801.344820 sending message 105 to peer 0x55709fcb4a20 (24 bytes)
1650228801.344829 sending message 105 to peer 0x55709fcb4a20 (21 bytes)
1650228801.344838 sending message 105 to peer 0x55709fcb4a20 (21 bytes)
1650228801.344847 sending message 105 to peer 0x55709fcb4a20 (25 bytes)
1650228801.344855 sending message 105 to peer 0x55709fcb4a20 (21 bytes)
1650228801.344864 sending message 105 to peer 0x55709fcb4a20 (26 bytes)
1650228801.344873 sending message 105 to peer 0x55709fcb4a20 (15 bytes)
1650228801.344882 sending message 105 to peer 0x55709fcb4a20 (68 bytes)
1650228801.344891 sending message 105 to peer 0x55709fcb4a20 (11 bytes)
1650228801.344900 sending message 105 to peer 0x55709fcb4a20 (35 bytes)
1650228801.344910 sending message 105 to peer 0x55709fcb4a20 (505 bytes)
1650228801.344919 sending message 105 to peer 0x55709fcb4a20 (10 bytes)
1650228801.344928 sending message 105 to peer 0x55709fcb4a20 (65 bytes)
1650228801.344937 sending message 105 to peer 0x55709fcb4a20 (31 bytes)
1650228801.344945 sending message 105 to peer 0x55709fcb4a20 (16 bytes)
1650228801.344955 sending message 105 to peer 0x55709fcb4a20 (24 bytes)
1650228801.344964 sending message 105 to peer 0x55709fcb4a20 (19 bytes)
1650228801.344973 sending message 105 to peer 0x55709fcb4a20 (18 bytes)
1650228801.344982 sending message 105 to peer 0x55709fcb4a20 (84 bytes)
1650228801.344991 sending message 105 to peer 0x55709fcb4a20 (15 bytes)
1650228801.344999 sending message 105 to peer 0x55709fcb4a20 (8 bytes)
1650228801.345008 sending message 105 to peer 0x55709fcb4a20 (27 bytes)
1650228801.345017 sending message 105 to peer 0x55709fcb4a20 (41 bytes)
1650228801.345027 sending message 105 to peer 0x55709fcb4a20 (38 bytes)
1650228801.345036 sending message 105 to peer 0x55709fcb4a20 (19 bytes)
1650228801.345045 sending message 105 to peer 0x55709fcb4a20 (22 bytes)
1650228801.345054 sending message 105 to peer 0x55709fcb4a20 (20 bytes)
1650228801.345062 sending message 105 to peer 0x55709fcb4a20 (23 bytes)
1650228801.345071 sending message 105 to peer 0x55709fcb4a20 (21 bytes)
1650228801.345079 sending message 105 to peer 0x55709fcb4a20 (18 bytes)
1650228801.345088 sending message 105 to peer 0x55709fcb4a20 (26 bytes)
1650228801.345097 sending message 105 to peer 0x55709fcb4a20 (19 bytes)
1650228801.345106 sending message 105 to peer 0x55709fcb4a20 (22 bytes)
1650228801.345116 sending message 105 to peer 0x55709fcb4a20 (35 bytes)
1650228801.345126 sending message 105 to peer 0x55709fcb4a20 (13 bytes)
1650228801.345135 sending message 105 to peer 0x55709fcb4a20 (12 bytes)
1650228801.345143 sending message 105 to peer 0x55709fcb4a20 (16 bytes)
1650228801.345152 sending message 105 to peer 0x55709fcb4a20 (43 bytes)
1650228801.345160 sending message 105 to peer 0x55709fcb4a20 (17 bytes)
1650228801.345171 sending message 105 to peer 0x55709fcb4a20 (26 bytes)
1650228801.345180 sending message 105 to peer 0x55709fcb4a20 (54 bytes)
1650228801.345189 sending message 105 to peer 0x55709fcb4a20 (26 bytes)
1650228801.345198 sending message 105 to peer 0x55709fcb4a20 (23 bytes)
1650228801.345207 sending message 105 to peer 0x55709fcb4a20 (31 bytes)
1650228801.345216 sending message 105 to peer 0x55709fcb4a20 (23 bytes)
1650228801.345225 sending message 105 to peer 0x55709fcb4a20 (26 bytes)
1650228801.345234 sending message 105 to peer 0x55709fcb4a20 (25 bytes)
1650228801.345243 sending message 105 to peer 0x55709fcb4a20 (20 bytes)
1650228801.345253 sending message 105 to peer 0x55709fcb4a20 (34 bytes)
1650228801.345262 sending message 105 to peer 0x55709fcb4a20 (42 bytes)
1650228801.345272 sending message 105 to peer 0x55709fcb4a20 (47 bytes)
1650228801.345281 sending message 105 to peer 0x55709fcb4a20 (46 bytes)
1650228801.345289 sending message 105 to peer 0x55709fcb4a20 (31 bytes)
1650228801.345299 sending message 105 to peer 0x55709fcb4a20 (48 bytes)
1650228801.345308 sending message 105 to peer 0x55709fcb4a20 (21 bytes)
1650228801.345328 sending message 105 to peer 0x55709fcb4a20 (38 bytes)
1650228801.345338 sending message 105 to peer 0x55709fcb4a20 (28 bytes)
1650228801.345348 sending message 105 to peer 0x55709fcb4a20 (21 bytes)
1650228801.345357 sending message 105 to peer 0x55709fcb4a20 (16 bytes)
1650228801.345366 sending message 105 to peer 0x55709fcb4a20 (45 bytes)
1650228801.345374 sending message 105 to peer 0x55709fcb4a20 (25 bytes)
1650228801.345383 sending message 105 to peer 0x55709fcb4a20 (38 bytes)
1650228801.345393 sending message 105 to peer 0x55709fcb4a20 (35 bytes)
1650228801.345403 sending message 105 to peer 0x55709fcb4a20 (42 bytes)
1650228801.345413 sending message 105 to peer 0x55709fcb4a20 (21 bytes)
1650228801.345422 sending message 105 to peer 0x55709fcb4a20 (17 bytes)
1650228801.345431 sending message 105 to peer 0x55709fcb4a20 (17 bytes)
1650228801.345440 sending message 105 to peer 0x55709fcb4a20 (19 bytes)
1650228801.345449 sending message 106 to peer 0x55709fcb4a20 (0 bytes)
1650228801.345463 sending message 200 to peer 0x55709fcb4a20 (4 bytes)
1650228801.345472 client loop enter
1650228801.346650 peer 0x55709fcb4a20 message 303
1650228801.346684 open write file 2 -
1650228801.346711 sending message 305 to peer 0x55709fcb4a20 (8 bytes)
1650228801.346758 write check file 2
1650228801.347170 peer 0x55709fcb4a20 message 304
1650228801.347201 write 58 to file 2
1650228801.347220 peer 0x55709fcb4a20 message 203
1650228801.347229 file 2 58 bytes left
1650228801.347271 write check file 2
1650228801.347282 client loop exit
